[0m[[0m[0mdebug[0m] [0m[0m> Exec({file:/home/ekmz/Documentos/SparkScala17/}sparkscala17/ testOnly SampleRDDTest, None, None)[0m
[0m[[0m[0mdebug[0m] [0m[0mEvaluating tasks: Test / testOnly[0m
[0m[[0m[0mdebug[0m] [0m[0mRunning task... Cancel: Signal, check cycles: false, forcegc: true[0m
[0m[[0m[0minfo[0m] [0m[0mcompiling 1 Scala source to /home/ekmz/Documentos/SparkScala17/target/scala-2.11/test-classes ...[0m
[0m[[0m[0minfo[0m] [0m[0mdone compiling[0m
[0m[[0m[0minfo[0m] [0m[0m[32mSampleRDDTest:[0m[0m
[0m[[0m[0minfo[0m] [0m[0m[31mException encountered when attempting to run a suite with class name: SampleRDDTest *** ABORTED ***[0m[0m
[0m[[0m[0minfo[0m] [0m[0m[31m  org.apache.spark.SparkException: Only one SparkContext may be running in this JVM (see SPARK-2243). To ignore this error, set spark.driver.allowMultipleContexts = true. The currently running SparkContext was created at:[0m[0m
[0m[[0m[0minfo[0m] [0m[0m[31morg.apache.spark.SparkContext.<init>(SparkContext.scala:82)[0m[0m
[0m[[0m[0minfo[0m] [0m[0m[31mSampleRDDTest.<init>(SampleRDDTest.scala:7)[0m[0m
[0m[[0m[0minfo[0m] [0m[0m[31mjava.base/jdk.internal.reflect.NativeConstructorAccessorImpl.newInstance0(Native Method)[0m[0m
[0m[[0m[0minfo[0m] [0m[0m[31mjava.base/jdk.internal.reflect.NativeConstructorAccessorImpl.newInstance(NativeConstructorAccessorImpl.java:62)[0m[0m
[0m[[0m[0minfo[0m] [0m[0m[31mjava.base/jdk.internal.reflect.DelegatingConstructorAccessorImpl.newInstance(DelegatingConstructorAccessorImpl.java:45)[0m[0m
[0m[[0m[0minfo[0m] [0m[0m[31mjava.base/java.lang.reflect.Constructor.newInstance(Constructor.java:490)[0m[0m
[0m[[0m[0minfo[0m] [0m[0m[31mjava.base/java.lang.Class.newInstance(Class.java:584)[0m[0m
[0m[[0m[0minfo[0m] [0m[0m[31morg.scalatest.tools.Framework$ScalaTestTask.execute(Framework.scala:641)[0m[0m
[0m[[0m[0minfo[0m] [0m[0m[31msbt.TestRunner.runTest$1(TestFramework.scala:139)[0m[0m
[0m[[0m[0minfo[0m] [0m[0m[31msbt.TestRunner.run(TestFramework.scala:154)[0m[0m
[0m[[0m[0minfo[0m] [0m[0m[31msbt.TestFramework$$anon$3$$anonfun$$lessinit$greater$1.$anonfun$apply$1(TestFramework.scala:317)[0m[0m
[0m[[0m[0minfo[0m] [0m[0m[31msbt.TestFramework$.sbt$TestFramework$$withContextLoader(TestFramework.scala:277)[0m[0m
[0m[[0m[0minfo[0m] [0m[0m[31msbt.TestFramework$$anon$3$$anonfun$$lessinit$greater$1.apply(TestFramework.scala:317)[0m[0m
[0m[[0m[0minfo[0m] [0m[0m[31msbt.TestFramework$$anon$3$$anonfun$$lessinit$greater$1.apply(TestFramework.scala:317)[0m[0m
[0m[[0m[0minfo[0m] [0m[0m[31msbt.TestFunction.apply(TestFramework.scala:329)[0m[0m
[0m[[0m[0minfo[0m] [0m[0m[31msbt.Tests$.$anonfun$toTask$1(Tests.scala:422)[0m[0m
[0m[[0m[0minfo[0m] [0m[0m[31msbt.std.Transform$$anon$3.$anonfun$apply$2(Transform.scala:46)[0m[0m
[0m[[0m[0minfo[0m] [0m[0m[31msbt.std.Transform$$anon$4.work(Transform.scala:68)[0m[0m
[0m[[0m[0minfo[0m] [0m[0m[31msbt.Execute.$anonfun$submit$2(Execute.scala:282)[0m[0m
[0m[[0m[0minfo[0m] [0m[0m[31msbt.internal.util.ErrorHandling$.wideConvert(ErrorHandling.scala:23)[0m[0m
[0m[[0m[0minfo[0m] [0m[0m[31m  at org.apache.spark.SparkContext$$anonfun$assertNoOtherContextIsRunning$1.apply(SparkContext.scala:2257)[0m[0m
[0m[[0m[0minfo[0m] [0m[0m[31m  at org.apache.spark.SparkContext$$anonfun$assertNoOtherContextIsRunning$1.apply(SparkContext.scala:2239)[0m[0m
[0m[[0m[0minfo[0m] [0m[0m[31m  at scala.Option.foreach(Option.scala:257)[0m[0m
[0m[[0m[0minfo[0m] [0m[0m[31m  at org.apache.spark.SparkContext$.assertNoOtherContextIsRunning(SparkContext.scala:2239)[0m[0m
[0m[[0m[0minfo[0m] [0m[0m[31m  at org.apache.spark.SparkContext$.setActiveContext(SparkContext.scala:2325)[0m[0m
[0m[[0m[0minfo[0m] [0m[0m[31m  at org.apache.spark.SparkContext.<init>(SparkContext.scala:2197)[0m[0m
[0m[[0m[0minfo[0m] [0m[0m[31m  at com.holdenkarau.spark.testing.SharedSparkContext$class.beforeAll(SharedSparkContext.scala:43)[0m[0m
[0m[[0m[0minfo[0m] [0m[0m[31m  at SampleRDDTest.beforeAll(SampleRDDTest.scala:5)[0m[0m
[0m[[0m[0minfo[0m] [0m[0m[31m  at org.scalatest.BeforeAndAfterAll$class.beforeAll(BeforeAndAfterAll.scala:187)[0m[0m
[0m[[0m[0minfo[0m] [0m[0m[31m  at SampleRDDTest.beforeAll(SampleRDDTest.scala:5)[0m[0m
[0m[[0m[0minfo[0m] [0m[0m[31m  ...[0m[0m
[0m[[0m[0minfo[0m] [0m[0mScalaCheck[0m
[0m[[0m[0minfo[0m] [0m[0mPassed: Total 0, Failed 0, Errors 0, Passed 0[0m
[0m[[0m[0minfo[0m] [0m[0mScalaTest[0m
[0m[[0m[0minfo[0m] [0m[0m[36mRun completed in 3 seconds, 255 milliseconds.[0m[0m
[0m[[0m[0minfo[0m] [0m[0m[36mTotal number of tests run: 0[0m[0m
[0m[[0m[0minfo[0m] [0m[0m[36mSuites: completed 0, aborted 1[0m[0m
[0m[[0m[0minfo[0m] [0m[0m[36mTests: succeeded 0, failed 0, canceled 0, ignored 0, pending 0[0m[0m
[0m[[0m[0minfo[0m] [0m[0m[31m*** 1 SUITE ABORTED ***[0m[0m
[0m[[0m[31merror[0m] [0m[0mError: Total 1, Failed 0, Errors 1, Passed 0[0m
[0m[[0m[31merror[0m] [0m[0mError during tests:[0m
[0m[[0m[31merror[0m] [0m[0m	SampleRDDTest[0m
[0m[[0m[31merror[0m] [0m[0m(Test / [31mtestOnly[0m) sbt.TestsFailedException: Tests unsuccessful[0m
[0m[[0m[31merror[0m] [0m[0mTotal time: 7 s, completed 1 mar 2021 17:15:27[0m
[0m[[0m[0mdebug[0m] [0m[0m> Exec(idea-shell, None, None)[0m
[0m[[0m[33mwarn[0m] [0m[0mIn the last 1714 seconds, 6.244 (0.4%) were spent in GC. [Heap: 0.21GB free of 0.30GB, max 1.50GB] Consider increasing the JVM heap using `-Xmx` or try a different collector, e.g. `-XX:+UseG1GC`, for better performance.[0m
[0m[[0m[33mwarn[0m] [0m[0mIn the last 2346 seconds, 636.041 (27.1%) were spent in GC. [Heap: 0.19GB free of 0.30GB, max 1.50GB] Consider increasing the JVM heap using `-Xmx` or try a different collector, e.g. `-XX:+UseG1GC`, for better performance.[0m
[0m[[0m[33mwarn[0m] [0m[0mIn the last 1719 seconds, 12.036 (0.7%) were spent in GC. [Heap: 0.21GB free of 0.30GB, max 1.50GB] Consider increasing the JVM heap using `-Xmx` or try a different collector, e.g. `-XX:+UseG1GC`, for better performance.[0m
[0m[[0m[33mwarn[0m] [0m[0mIn the last 1713 seconds, 9.874 (0.6%) were spent in GC. [Heap: 0.20GB free of 0.29GB, max 1.50GB] Consider increasing the JVM heap using `-Xmx` or try a different collector, e.g. `-XX:+UseG1GC`, for better performance.[0m
[0m[[0m[33mwarn[0m] [0m[0mIn the last 86 seconds, 6.962 (8.1%) were spent in GC. [Heap: 0.20GB free of 0.29GB, max 1.50GB] Consider increasing the JVM heap using `-Xmx` or try a different collector, e.g. `-XX:+UseG1GC`, for better performance.[0m
[0m[[0m[33mwarn[0m] [0m[0mIn the last 1719 seconds, 51.005 (3.0%) were spent in GC. [Heap: 0.20GB free of 0.29GB, max 1.50GB] Consider increasing the JVM heap using `-Xmx` or try a different collector, e.g. `-XX:+UseG1GC`, for better performance.[0m
[0m[[0m[33mwarn[0m] [0m[0mIn the last 37 seconds, 84.353 (228.1%) were spent in GC. [Heap: 0.20GB free of 0.29GB, max 1.50GB] Consider increasing the JVM heap using `-Xmx` or try a different collector, e.g. `-XX:+UseG1GC`, for better performance.[0m
[0m[[0m[33mwarn[0m] [0m[0mIn the last 1968 seconds, 1119.289 (56.9%) were spent in GC. [Heap: 0.18GB free of 0.29GB, max 1.50GB] Consider increasing the JVM heap using `-Xmx` or try a different collector, e.g. `-XX:+UseG1GC`, for better performance.[0m
